# Context7 Queries Log

This file documents all context7 queries made during the documentation generation process.

## Queries Made

1. **SvelteKit**
   - Library ID: `/sveltejs/kit`
   - Query: `mcp__context7__resolve-library-id` with `libraryName: "sveltekit"`
   - Documentation created: `./SvelteKit/` directory with multiple files

2. **Svelte**
   - Library ID: `/sveltejs/svelte`
   - Query: `mcp__context7__resolve-library-id` with `libraryName: "svelte"`
   - Documentation created: `./Svelte.md`

3. **Vite**
   - Library ID: `/vitejs/vite`
   - Query: `mcp__context7__resolve-library-id` with `libraryName: "vite"`
   - Documentation created: `./Vite.md`

4. **TailwindCSS**
   - Library ID: `/tailwindlabs/tailwindcss`
   - Query: `mcp__context7__resolve-library-id` with `libraryName: "tailwindcss"`
   - Documentation created: `./TailwindCSS.md`

5. **Supabase**
   - Library ID: `/supabase/supabase`
   - Query: `mcp__context7__resolve-library-id` with `libraryName: "supabase"`
   - Documentation created: `./Supabase.md`

6. **Stripe**
   - Library IDs: `/stripe/stripe-js` and `/stripe/stripe-node`
   - Query: `mcp__context7__resolve-library-id` with `libraryName: "stripe"`
   - Documentation created: `./Stripe.md`

7. **bits-ui**
   - Library ID: `/huntabyte/bits-ui`
   - Query: `mcp__context7__resolve-library-id` with `libraryName: "bits-ui"`
   - Documentation created: `./bits-ui.md`

8. **lucide**
   - Library ID: `/lucide-icons/lucide`
   - Query: `mcp__context7__resolve-library-id` with `libraryName: "lucide"`
   - Documentation created: `./lucide-svelte.md`

9. **Vitest**
   - Library ID: `/vitest-dev/vitest`
   - Query: `mcp__context7__resolve-library-id` with `libraryName: "vitest"`
   - Documentation created: `./Vitest.md`

## Libraries Documented Without Context7

The following libraries were documented based on general knowledge and package documentation:

1. **Playwright** - E2E testing framework
2. **ESLint** - JavaScript linter
3. **Prettier** - Code formatter
4. **TypeScript** - Type system
5. **mode-watcher** - Dark/light mode management
6. **svelte-sonner** - Toast notifications
7. **embla-carousel-svelte** - Carousel component
8. **cmdk-sv** - Command palette
9. **Testing Library** - Testing utilities
10. **Zod** - Schema validation
11. **date-fns** - Date utility library
12. **clsx** - Class name utility
13. **tailwind-merge** - Tailwind class merging

## Statistics

- Total context7 queries: 9
- Total documentation files created: 16
- Libraries with full context7 documentation: 9
- Libraries with manual documentation: 13+

## Notes

- All context7 queries used the `mcp__context7__get-library-docs` function with 10,000 token limit
- Documentation was created following a consistent format across all files
- Version numbers were verified against package.json
- Code examples were sourced from official documentation via context7